<?xml version="1.0" encoding="UTF-8"?>
<coverage generated="1724673417977" clover="3.2.0">
  <project timestamp="1724673417977" name="All files">
    <metrics statements="13" coveredstatements="12" conditionals="2" coveredconditionals="2" methods="6" coveredmethods="5" elements="21" coveredelements="19" complexity="0" loc="13" ncloc="13" packages="1" files="1" classes="1"/>
    <file name="attribute.model.ts" path="C:\Users\nelso\Documents\workspace\sixth-semester\the-nexus-battle-iii-server\src\models\attribute.model.ts">
      <metrics statements="13" coveredstatements="12" conditionals="2" coveredconditionals="2" methods="6" coveredmethods="5"/>
      <line num="2" count="1" type="stmt"/>
      <line num="15" count="3" type="stmt"/>
      <line num="16" count="3" type="stmt"/>
      <line num="17" count="3" type="stmt"/>
      <line num="18" count="3" type="stmt"/>
      <line num="19" count="3" type="stmt"/>
      <line num="23" count="0" type="stmt"/>
      <line num="27" count="2" type="stmt"/>
      <line num="31" count="2" type="cond" truecount="2" falsecount="0"/>
      <line num="32" count="1" type="stmt"/>
      <line num="34" count="1" type="stmt"/>
      <line num="39" count="1" type="stmt"/>
      <line num="43" count="1" type="stmt"/>
    </file>
  </project>
</coverage>
