{"C:\\Users\\nelso\\Documents\\workspace\\sixth-semester\\the-nexus-battle-iii-server\\src\\models\\attribute.model.ts": {"path":"C:\\Users\\nelso\\Documents\\workspace\\sixth-semester\\the-nexus-battle-iii-server\\src\\models\\attribute.model.ts","statementMap":{"0":{"start":{"line":15,"column":8},"end":{"line":15,"column":26}},"1":{"start":{"line":16,"column":8},"end":{"line":16,"column":35}},"2":{"start":{"line":17,"column":8},"end":{"line":17,"column":33}},"3":{"start":{"line":18,"column":8},"end":{"line":18,"column":33}},"4":{"start":{"line":19,"column":8},"end":{"line":19,"column":28}},"5":{"start":{"line":23,"column":8},"end":{"line":23,"column":26}},"6":{"start":{"line":27,"column":8},"end":{"line":27,"column":27}},"7":{"start":{"line":31,"column":8},"end":{"line":35,"column":9}},"8":{"start":{"line":32,"column":12},"end":{"line":32,"column":30}},"9":{"start":{"line":34,"column":12},"end":{"line":34,"column":57}},"10":{"start":{"line":39,"column":8},"end":{"line":44,"column":10}},"11":{"start":{"line":48,"column":8},"end":{"line":48,"column":48}},"12":{"start":{"line":52,"column":8},"end":{"line":58,"column":10}},"13":{"start":{"line":2,"column":0},"end":{"line":2,"column":13}}},"fnMap":{"0":{"name":"(anonymous_0)","decl":{"start":{"line":9,"column":4},"end":{"line":9,"column":null}},"loc":{"start":{"line":13,"column":24},"end":{"line":20,"column":5}}},"1":{"name":"(anonymous_1)","decl":{"start":{"line":22,"column":4},"end":{"line":22,"column":8}},"loc":{"start":{"line":22,"column":12},"end":{"line":24,"column":5}}},"2":{"name":"(anonymous_2)","decl":{"start":{"line":26,"column":4},"end":{"line":26,"column":8}},"loc":{"start":{"line":26,"column":13},"end":{"line":28,"column":5}}},"3":{"name":"(anonymous_3)","decl":{"start":{"line":30,"column":4},"end":{"line":30,"column":8}},"loc":{"start":{"line":30,"column":25},"end":{"line":36,"column":5}}},"4":{"name":"(anonymous_4)","decl":{"start":{"line":38,"column":11},"end":{"line":38,"column":16}},"loc":{"start":{"line":38,"column":16},"end":{"line":45,"column":5}}},"5":{"name":"(anonymous_5)","decl":{"start":{"line":47,"column":11},"end":{"line":47,"column":24}},"loc":{"start":{"line":47,"column":24},"end":{"line":49,"column":5}}},"6":{"name":"(anonymous_6)","decl":{"start":{"line":51,"column":11},"end":{"line":51,"column":29}},"loc":{"start":{"line":51,"column":29},"end":{"line":59,"column":5}}}},"branchMap":{"0":{"loc":{"start":{"line":31,"column":8},"end":{"line":35,"column":9}},"type":"if","locations":[{"start":{"line":31,"column":8},"end":{"line":35,"column":9}},{"start":{"line":33,"column":15},"end":{"line":35,"column":9}}]}},"s":{"0":25,"1":25,"2":25,"3":25,"4":25,"5":20,"6":24,"7":3,"8":2,"9":1,"10":10,"11":1,"12":1,"13":3},"f":{"0":25,"1":20,"2":24,"3":3,"4":10,"5":1,"6":1},"b":{"0":[2,1]}}
,"C:\\Users\\nelso\\Documents\\workspace\\sixth-semester\\the-nexus-battle-iii-server\\src\\models\\effect.model.ts": {"path":"C:\\Users\\nelso\\Documents\\workspace\\sixth-semester\\the-nexus-battle-iii-server\\src\\models\\effect.model.ts","statementMap":{"0":{"start":{"line":21,"column":8},"end":{"line":21,"column":35}},"1":{"start":{"line":22,"column":8},"end":{"line":22,"column":41}},"2":{"start":{"line":23,"column":8},"end":{"line":23,"column":27}},"3":{"start":{"line":24,"column":8},"end":{"line":24,"column":29}},"4":{"start":{"line":26,"column":8},"end":{"line":26,"column":27}},"5":{"start":{"line":27,"column":8},"end":{"line":27,"column":29}},"6":{"start":{"line":31,"column":8},"end":{"line":31,"column":39}},"7":{"start":{"line":4,"column":0},"end":{"line":4,"column":13}}},"fnMap":{"0":{"name":"(anonymous_1)","decl":{"start":{"line":30,"column":4},"end":{"line":30,"column":19}},"loc":{"start":{"line":30,"column":19},"end":{"line":32,"column":5}}}},"branchMap":{},"s":{"0":2,"1":2,"2":2,"3":2,"4":2,"5":2,"6":1,"7":2},"f":{"0":1},"b":{}}
,"C:\\Users\\nelso\\Documents\\workspace\\sixth-semester\\the-nexus-battle-iii-server\\src\\models\\hero.model.ts": {"path":"C:\\Users\\nelso\\Documents\\workspace\\sixth-semester\\the-nexus-battle-iii-server\\src\\models\\hero.model.ts","statementMap":{"0":{"start":{"line":24,"column":8},"end":{"line":24,"column":29}},"1":{"start":{"line":25,"column":8},"end":{"line":25,"column":25}},"2":{"start":{"line":26,"column":8},"end":{"line":26,"column":31}},"3":{"start":{"line":27,"column":8},"end":{"line":29,"column":10}},"4":{"start":{"line":28,"column":42},"end":{"line":28,"column":54}},"5":{"start":{"line":30,"column":8},"end":{"line":30,"column":33}},"6":{"start":{"line":36,"column":8},"end":{"line":39,"column":47}},"7":{"start":{"line":37,"column":12},"end":{"line":37,"column":34}},"8":{"start":{"line":38,"column":12},"end":{"line":38,"column":23}},"9":{"start":{"line":7,"column":0},"end":{"line":7,"column":13}}},"fnMap":{"0":{"name":"(anonymous_0)","decl":{"start":{"line":15,"column":4},"end":{"line":15,"column":null}},"loc":{"start":{"line":21,"column":27},"end":{"line":31,"column":5}}},"1":{"name":"(anonymous_1)","decl":{"start":{"line":28,"column":32},"end":{"line":28,"column":33}},"loc":{"start":{"line":28,"column":42},"end":{"line":28,"column":54}}},"2":{"name":"(anonymous_2)","decl":{"start":{"line":33,"column":12},"end":{"line":33,"column":31}},"loc":{"start":{"line":33,"column":55},"end":{"line":40,"column":5}}},"3":{"name":"(anonymous_3)","decl":{"start":{"line":36,"column":33},"end":{"line":36,"column":34}},"loc":{"start":{"line":36,"column":47},"end":{"line":39,"column":9}}}},"branchMap":{},"s":{"0":2,"1":2,"2":2,"3":2,"4":10,"5":2,"6":2,"7":10,"8":10,"9":2},"f":{"0":2,"1":10,"2":2,"3":10},"b":{}}
,"C:\\Users\\nelso\\Documents\\workspace\\sixth-semester\\the-nexus-battle-iii-server\\src\\models\\product.model.ts": {"path":"C:\\Users\\nelso\\Documents\\workspace\\sixth-semester\\the-nexus-battle-iii-server\\src\\models\\product.model.ts","statementMap":{"0":{"start":{"line":5,"column":0},"end":{"line":5,"column":34}},"1":{"start":{"line":32,"column":8},"end":{"line":32,"column":39}},"2":{"start":{"line":33,"column":8},"end":{"line":33,"column":33}},"3":{"start":{"line":34,"column":8},"end":{"line":34,"column":39}},"4":{"start":{"line":35,"column":8},"end":{"line":35,"column":39}},"5":{"start":{"line":36,"column":8},"end":{"line":36,"column":53}},"6":{"start":{"line":37,"column":8},"end":{"line":37,"column":37}},"7":{"start":{"line":38,"column":8},"end":{"line":38,"column":31}},"8":{"start":{"line":39,"column":8},"end":{"line":39,"column":37}},"9":{"start":{"line":40,"column":8},"end":{"line":40,"column":35}},"10":{"start":{"line":44,"column":28},"end":{"line":44,"column":55}},"11":{"start":{"line":46,"column":8},"end":{"line":57,"column":11}},"12":{"start":{"line":47,"column":34},"end":{"line":47,"column":71}},"13":{"start":{"line":49,"column":12},"end":{"line":56,"column":13}},"14":{"start":{"line":51,"column":20},"end":{"line":51,"column":76}},"15":{"start":{"line":52,"column":16},"end":{"line":52,"column":57}},"16":{"start":{"line":53,"column":16},"end":{"line":53,"column":41}},"17":{"start":{"line":55,"column":16},"end":{"line":55,"column":79}},"18":{"start":{"line":59,"column":8},"end":{"line":59,"column":30}},"19":{"start":{"line":10,"column":0},"end":{"line":10,"column":13}}},"fnMap":{"0":{"name":"(anonymous_0)","decl":{"start":{"line":21,"column":4},"end":{"line":21,"column":null}},"loc":{"start":{"line":30,"column":25},"end":{"line":41,"column":5}}},"1":{"name":"(anonymous_1)","decl":{"start":{"line":43,"column":4},"end":{"line":43,"column":14}},"loc":{"start":{"line":43,"column":27},"end":{"line":60,"column":5}}},"2":{"name":"(anonymous_2)","decl":{"start":{"line":46,"column":29},"end":{"line":46,"column":30}},"loc":{"start":{"line":46,"column":48},"end":{"line":57,"column":9}}}},"branchMap":{"0":{"loc":{"start":{"line":49,"column":12},"end":{"line":56,"column":13}},"type":"if","locations":[{"start":{"line":49,"column":12},"end":{"line":56,"column":13}},{"start":{"line":54,"column":19},"end":{"line":56,"column":13}}]}},"s":{"0":2,"1":3,"2":3,"3":3,"4":3,"5":3,"6":3,"7":3,"8":3,"9":3,"10":2,"11":2,"12":1,"13":1,"14":1,"15":1,"16":1,"17":0,"18":2,"19":2},"f":{"0":3,"1":2,"2":1},"b":{"0":[1,0]}}
,"C:\\Users\\nelso\\Documents\\workspace\\sixth-semester\\the-nexus-battle-iii-server\\src\\services\\hero.service.ts": {"path":"C:\\Users\\nelso\\Documents\\workspace\\sixth-semester\\the-nexus-battle-iii-server\\src\\services\\hero.service.ts","statementMap":{"0":{"start":{"line":3,"column":0},"end":{"line":3,"column":54}},"1":{"start":{"line":4,"column":0},"end":{"line":4,"column":48}},"2":{"start":{"line":5,"column":0},"end":{"line":5,"column":50}},"3":{"start":{"line":6,"column":0},"end":{"line":6,"column":44}},"4":{"start":{"line":12,"column":32},"end":{"line":20,"column":10}},"5":{"start":{"line":13,"column":25},"end":{"line":13,"column":45}},"6":{"start":{"line":14,"column":12},"end":{"line":19,"column":14}},"7":{"start":{"line":22,"column":24},"end":{"line":36,"column":null}},"8":{"start":{"line":23,"column":12},"end":{"line":36,"column":14}},"9":{"start":{"line":24,"column":16},"end":{"line":35,"column":18}},"10":{"start":{"line":40,"column":25},"end":{"line":62,"column":10}},"11":{"start":{"line":42,"column":42},"end":{"line":43,"column":null}},"12":{"start":{"line":43,"column":32},"end":{"line":43,"column":49}},"13":{"start":{"line":47,"column":35},"end":{"line":48,"column":null}},"14":{"start":{"line":48,"column":16},"end":{"line":48,"column":69}},"15":{"start":{"line":51,"column":12},"end":{"line":61,"column":14}},"16":{"start":{"line":67,"column":8},"end":{"line":73,"column":10}},"17":{"start":{"line":10,"column":0},"end":{"line":10,"column":13}}},"fnMap":{"0":{"name":"(anonymous_0)","decl":{"start":{"line":11,"column":4},"end":{"line":11,"column":10}},"loc":{"start":{"line":11,"column":41},"end":{"line":74,"column":5}}},"1":{"name":"(anonymous_1)","decl":{"start":{"line":12,"column":65},"end":{"line":12,"column":66}},"loc":{"start":{"line":12,"column":73},"end":{"line":20,"column":9}}},"2":{"name":"(anonymous_2)","decl":{"start":{"line":22,"column":46},"end":{"line":22,"column":47}},"loc":{"start":{"line":23,"column":12},"end":{"line":36,"column":14}}},"3":{"name":"(anonymous_3)","decl":{"start":{"line":23,"column":32},"end":{"line":23,"column":33}},"loc":{"start":{"line":23,"column":52},"end":{"line":36,"column":13}}},"4":{"name":"(anonymous_4)","decl":{"start":{"line":40,"column":43},"end":{"line":40,"column":44}},"loc":{"start":{"line":40,"column":65},"end":{"line":62,"column":9}}},"5":{"name":"(anonymous_5)","decl":{"start":{"line":43,"column":16},"end":{"line":43,"column":17}},"loc":{"start":{"line":43,"column":32},"end":{"line":43,"column":49}}},"6":{"name":"(anonymous_6)","decl":{"start":{"line":47,"column":50},"end":{"line":47,"column":51}},"loc":{"start":{"line":48,"column":16},"end":{"line":48,"column":69}}}},"branchMap":{},"s":{"0":1,"1":1,"2":1,"3":1,"4":1,"5":8,"6":8,"7":1,"8":1,"9":1,"10":1,"11":1,"12":1,"13":1,"14":1,"15":1,"16":1,"17":1},"f":{"0":1,"1":8,"2":1,"3":1,"4":1,"5":1,"6":1},"b":{}}
}
